<?xml version="1.0" encoding="UTF-8"?>
<!-- Generated by org.testng.reporters.JUnitReportReporter -->
<testsuite hostname="ULTP_107" name="LRS2_0.runTests" tests="1" failures="0" timestamp="26 Aug 2014 04:31:02 GMT" time="68.669" errors="0">
  <testcase name="WEB_1026__WEB_1038__WEB_1807" time="68.669" classname="LRS2_0.runTests"/>
</testsuite> <!-- LRS2_0.runTests -->
